Thu Nov 10 11:44:41 2022
Create Relation ADR_CONTROL
Create Relation ADR_INVALIDATION
Create Relation INC_METER_IMPT_DEF
Create Relation INC_METER_PK_IMPTS
Directory does not exist for read/write [C:\oraclexe\app\oracle\product\11.2.0\server\log] [C:\oraclexe\app\oracle\product\11.2.0\server\log\diag]
Thu Nov 10 11:44:46 2022
Directory does not exist for read/write [C:\oraclexe\app\oracle\product\11.2.0\server\log] [C:\oraclexe\app\oracle\product\11.2.0\server\log\diag]
Thu Nov 10 11:45:44 2022
Directory does not exist for read/write [C:\oraclexe\app\oracle\product\11.2.0\server\log] [C:\oraclexe\app\oracle\product\11.2.0\server\log\diag\clients]
Thu Nov 10 11:46:50 2022
Directory does not exist for read/write [C:\oraclexe\app\oracle\product\11.2.0\server\log] [C:\oraclexe\app\oracle\product\11.2.0\server\log\diag\clients]
Thu Nov 10 11:49:19 2022
Directory does not exist for read/write [C:\oraclexe\app\oracle\product\11.2.0\server\log] [C:\oraclexe\app\oracle\product\11.2.0\server\log\diag\clients]
Thu Nov 10 11:52:20 2022
Directory does not exist for read/write [C:\oraclexe\app\oracle\product\11.2.0\server\log] [C:\oraclexe\app\oracle\product\11.2.0\server\log\diag\clients]
Thu Nov 10 11:53:20 2022
Directory does not exist for read/write [C:\oraclexe\app\oracle\product\11.2.0\server\log] [C:\oraclexe\app\oracle\product\11.2.0\server\log\diag\clients]
Thu Nov 10 11:53:33 2022
Directory does not exist for read/write [C:\oraclexe\app\oracle\product\11.2.0\server\log] [C:\oraclexe\app\oracle\product\11.2.0\server\log\diag\clients]
Thu Nov 10 11:55:10 2022
Directory does not exist for read/write [C:\oraclexe\app\oracle\product\11.2.0\server\log] [C:\oraclexe\app\oracle\product\11.2.0\server\log\diag\clients]
Thu Nov 10 11:56:25 2022
Directory does not exist for read/write [C:\oraclexe\app\oracle\product\11.2.0\server\log] [C:\oraclexe\app\oracle\product\11.2.0\server\log\diag\clients]
Thu Nov 10 12:03:31 2022
Directory does not exist for read/write [C:\oraclexe\app\oracle\product\11.2.0\server\log] [C:\oraclexe\app\oracle\product\11.2.0\server\log\diag\clients]
Thu Nov 10 12:03:59 2022
Directory does not exist for read/write [C:\oraclexe\app\oracle\product\11.2.0\server\log] [C:\oraclexe\app\oracle\product\11.2.0\server\log\diag\clients]
Thu Nov 10 12:31:13 2022
Directory does not exist for read/write [C:\oraclexe\app\oracle\product\11.2.0\server\log] [C:\oraclexe\app\oracle\product\11.2.0\server\log\diag\clients]
Thu Nov 10 12:33:46 2022
Directory does not exist for read/write [C:\oraclexe\app\oracle\product\11.2.0\server\log] [C:\oraclexe\app\oracle\product\11.2.0\server\log\diag\clients]
